02-15@13:56:48 DEBUG (AbstractTransformer.java:248)     - Applying transformer ExtractFileInfoTransformer (org.iplantc.iptol.server.ExtractFileInfoTransformer)
02-15@13:56:48 DEBUG (AbstractTransformer.java:249)     - Object before transform: []
02-15@13:56:48 DEBUG (AbstractTransformer.java:263)     - Object after transform: []
02-15@13:56:48 DEBUG (AbstractTransformer.java:95)     - The transformed object is of expected type. Type is: LinkedList
02-15@13:56:48 DEBUG (AbstractTransformer.java:248)     - Applying transformer ExtractFileInfoTransformer (org.iplantc.iptol.server.ExtractFileInfoTransformer)
02-15@13:56:48 DEBUG (AbstractTransformer.java:249)     - Object before transform: org.iplantc.treedata.model.File@199836ed
02-15@13:56:48 DEBUG (AbstractTransformer.java:263)     - Object after transform: [org.iplantc.iptol.server.FileInfo@1055e55f]
02-15@13:56:48 DEBUG (AbstractTransformer.java:95)     - The transformed object is of expected type. Type is: LinkedList
02-15@13:56:48 DEBUG (AbstractTransformer.java:248)     - Applying transformer ExtractFileInfoTransformer (org.iplantc.iptol.server.ExtractFileInfoTransformer)
02-15@13:56:48 DEBUG (AbstractTransformer.java:249)     - Object before transform: [org.iplantc.treedata.model.File@7745c859, org.iplantc.treedata.model.File@664883c, org.iplantc.treedata.model.File@322c1e6b, org.iplantc.treedata.model.File@6e811c88, org.iplantc.treedata.model.File@...
02-15@13:56:48 DEBUG (AbstractTransformer.java:263)     - Object after transform: [org.iplantc.iptol.server.FileInfo@303bc257, org.iplantc.iptol.server.FileInfo@2353f67e, org.iplantc.iptol.server.FileInfo@5d5bdc50, org.iplantc.iptol.server.FileInfo@39dd3812, org.iplantc.iptol.serve...
02-15@13:56:48 DEBUG (AbstractTransformer.java:95)     - The transformed object is of expected type. Type is: LinkedList
02-15@13:56:48 DEBUG (AbstractTransformer.java:248)     - Applying transformer ExtractFileInfoTransformer (org.iplantc.iptol.server.ExtractFileInfoTransformer)
02-15@13:56:48 DEBUG (AbstractTransformer.java:249)     - Object before transform: [org.iplantc.treedata.model.File@1e9e5c73, org.iplantc.treedata.model.File@2ec791b9, org.iplantc.treedata.model.File@303020ad]
02-15@13:56:48 DEBUG (AbstractTransformer.java:263)     - Object after transform: [org.iplantc.iptol.server.FileInfo@27b15692, org.iplantc.iptol.server.FileInfo@6baa9f99, org.iplantc.iptol.server.FileInfo@ed42d08]
02-15@13:56:48 DEBUG (AbstractTransformer.java:95)     - The transformed object is of expected type. Type is: LinkedList
02-15@13:56:48 DEBUG (AbstractTransformer.java:248)     - Applying transformer ExtractFileInfoTransformer (org.iplantc.iptol.server.ExtractFileInfoTransformer)
02-15@13:56:48 DEBUG (AbstractTransformer.java:249)     - Object before transform: [org.iplantc.treedata.model.File@bd86fd3, org.iplantc.treedata.model.File@2e958bb8, org.iplantc.treedata.model.File@5c07f4ec]
02-15@13:56:48 DEBUG (AbstractTransformer.java:263)     - Object after transform: [org.iplantc.iptol.server.FileInfo@e60e128, org.iplantc.iptol.server.FileInfo@7a5e1077, org.iplantc.iptol.server.FileInfo@358b3364]
02-15@13:56:48 DEBUG (AbstractTransformer.java:95)     - The transformed object is of expected type. Type is: LinkedList
02-15@13:56:48 DEBUG (AbstractTransformer.java:248)     - Applying transformer ExtractFileInfoTransformer (org.iplantc.iptol.server.ExtractFileInfoTransformer)
02-15@13:56:48 DEBUG (AbstractTransformer.java:249)     - Object before transform: java.lang.Object@45db05b2
02-15@13:56:48 DEBUG (AbstractTransformer.java:248)     - Applying transformer FileToObject (org.iplantc.iptol.server.FileToFileInfoTransformer)
02-15@13:56:48 DEBUG (AbstractTransformer.java:249)     - Object before transform: org.iplantc.treedata.model.File@24f9fdc
02-15@13:56:48 DEBUG (AbstractTransformer.java:263)     - Object after transform: org.iplantc.iptol.server.FileInfo@398825b3
02-15@13:56:48 DEBUG (AbstractTransformer.java:95)     - The transformed object is of expected type. Type is: FileInfo
02-15@13:56:48 DEBUG (AbstractTransformer.java:248)     - Applying transformer FileToObject (org.iplantc.iptol.server.FileToFileInfoTransformer)
02-15@13:56:48 DEBUG (AbstractTransformer.java:249)     - Object before transform: org.iplantc.treedata.model.File@19632847
02-15@13:56:48 DEBUG (AbstractTransformer.java:263)     - Object after transform: org.iplantc.iptol.server.FileInfo@3ce95a56
02-15@13:56:48 DEBUG (AbstractTransformer.java:95)     - The transformed object is of expected type. Type is: FileInfo
02-15@13:56:48 DEBUG (UploadServlet.java:622)     - UPLOAD-SERVLET (myid) removeSessionFileItems: removeData=false
02-15@13:56:48 DEBUG (UploadServlet.java:622)     - UPLOAD-SERVLET (myid) removeSessionFileItems: removeData=false
02-15@13:56:48 DEBUG (UploadServlet.java:622)     - UPLOAD-SERVLET (myid) removeSessionFileItems: removeData=false
02-15@14:11:48 DEBUG (AbstractTransformer.java:248)     - Applying transformer ExtractFileInfoTransformer (org.iplantc.iptol.server.ExtractFileInfoTransformer)
02-15@14:11:48 DEBUG (AbstractTransformer.java:249)     - Object before transform: []
02-15@14:11:48 DEBUG (AbstractTransformer.java:263)     - Object after transform: []
02-15@14:11:48 DEBUG (AbstractTransformer.java:95)     - The transformed object is of expected type. Type is: LinkedList
02-15@14:11:48 DEBUG (AbstractTransformer.java:248)     - Applying transformer ExtractFileInfoTransformer (org.iplantc.iptol.server.ExtractFileInfoTransformer)
02-15@14:11:48 DEBUG (AbstractTransformer.java:249)     - Object before transform: org.iplantc.treedata.model.File@65b60280
02-15@14:11:48 DEBUG (AbstractTransformer.java:263)     - Object after transform: [org.iplantc.iptol.server.FileInfo@5239443f]
02-15@14:11:48 DEBUG (AbstractTransformer.java:95)     - The transformed object is of expected type. Type is: LinkedList
02-15@14:11:48 DEBUG (AbstractTransformer.java:248)     - Applying transformer ExtractFileInfoTransformer (org.iplantc.iptol.server.ExtractFileInfoTransformer)
02-15@14:11:48 DEBUG (AbstractTransformer.java:249)     - Object before transform: [org.iplantc.treedata.model.File@2dafae45, org.iplantc.treedata.model.File@68da4b71, org.iplantc.treedata.model.File@538f1d7e, org.iplantc.treedata.model.File@58d9660d, org.iplantc.treedata.model.File...
02-15@14:11:48 DEBUG (AbstractTransformer.java:263)     - Object after transform: [org.iplantc.iptol.server.FileInfo@1055e55f, org.iplantc.iptol.server.FileInfo@7745c859, org.iplantc.iptol.server.FileInfo@664883c, org.iplantc.iptol.server.FileInfo@322c1e6b, org.iplantc.iptol.server...
02-15@14:11:48 DEBUG (AbstractTransformer.java:95)     - The transformed object is of expected type. Type is: LinkedList
02-15@14:11:48 DEBUG (AbstractTransformer.java:248)     - Applying transformer ExtractFileInfoTransformer (org.iplantc.iptol.server.ExtractFileInfoTransformer)
02-15@14:11:48 DEBUG (AbstractTransformer.java:249)     - Object before transform: [org.iplantc.treedata.model.File@5e785d65, org.iplantc.treedata.model.File@303bc257, org.iplantc.treedata.model.File@2353f67e]
02-15@14:11:48 DEBUG (AbstractTransformer.java:263)     - Object after transform: [org.iplantc.iptol.server.FileInfo@5d5bdc50, org.iplantc.iptol.server.FileInfo@39dd3812, org.iplantc.iptol.server.FileInfo@6a8c436b]
02-15@14:11:48 DEBUG (AbstractTransformer.java:95)     - The transformed object is of expected type. Type is: LinkedList
02-15@14:11:48 DEBUG (AbstractTransformer.java:248)     - Applying transformer ExtractFileInfoTransformer (org.iplantc.iptol.server.ExtractFileInfoTransformer)
02-15@14:11:48 DEBUG (AbstractTransformer.java:249)     - Object before transform: [org.iplantc.treedata.model.File@1e9e5c73, org.iplantc.treedata.model.File@2ec791b9, org.iplantc.treedata.model.File@303020ad]
02-15@14:11:48 DEBUG (AbstractTransformer.java:263)     - Object after transform: [org.iplantc.iptol.server.FileInfo@27b15692, org.iplantc.iptol.server.FileInfo@6baa9f99, org.iplantc.iptol.server.FileInfo@ed42d08]
02-15@14:11:48 DEBUG (AbstractTransformer.java:95)     - The transformed object is of expected type. Type is: LinkedList
02-15@14:11:48 DEBUG (AbstractTransformer.java:248)     - Applying transformer ExtractFileInfoTransformer (org.iplantc.iptol.server.ExtractFileInfoTransformer)
02-15@14:11:48 DEBUG (AbstractTransformer.java:249)     - Object before transform: java.lang.Object@bd86fd3
02-15@14:11:48 DEBUG (AbstractTransformer.java:248)     - Applying transformer FileToObject (org.iplantc.iptol.server.FileToFileInfoTransformer)
02-15@14:11:48 DEBUG (AbstractTransformer.java:249)     - Object before transform: org.iplantc.treedata.model.File@2c96cf11
02-15@14:11:48 DEBUG (AbstractTransformer.java:263)     - Object after transform: org.iplantc.iptol.server.FileInfo@60f47bf5
02-15@14:11:48 DEBUG (AbstractTransformer.java:95)     - The transformed object is of expected type. Type is: FileInfo
02-15@14:11:48 DEBUG (AbstractTransformer.java:248)     - Applying transformer FileToObject (org.iplantc.iptol.server.FileToFileInfoTransformer)
02-15@14:11:48 DEBUG (AbstractTransformer.java:249)     - Object before transform: org.iplantc.treedata.model.File@52f6438d
02-15@14:11:48 DEBUG (AbstractTransformer.java:263)     - Object after transform: org.iplantc.iptol.server.FileInfo@25cd0888
02-15@14:11:48 DEBUG (AbstractTransformer.java:95)     - The transformed object is of expected type. Type is: FileInfo
02-15@14:11:48 DEBUG (UploadServlet.java:622)     - UPLOAD-SERVLET (myid) removeSessionFileItems: removeData=false
02-15@14:11:48 DEBUG (UploadServlet.java:622)     - UPLOAD-SERVLET (myid) removeSessionFileItems: removeData=false
02-15@14:11:48 DEBUG (UploadServlet.java:622)     - UPLOAD-SERVLET (myid) removeSessionFileItems: removeData=false
